[INFO|main_cleaner|L29] 2024-02-29T19:26:21+0000: Success - Stop postgres
[ERROR|main_cleaner|L32] 2024-02-29T19:26:21+0000: Failed - Stop postgres with status code 1
[INFO|main_cleaner|L29] 2024-02-29T19:26:57: Success - Stop postgres
[ERROR|main_cleaner|L32] 2024-02-29T19:26:57: Failed - Stop postgres with status code 1
[INFO|main_cleaner|L29] 2024-02-29T19:27:17 Success - Stop postgres
[ERROR|main_cleaner|L32] 2024-02-29T19:27:17 Failed - Stop postgres with status code 1
[INFO|main_cleaner|L30] 2024-02-29T19:41:42 Success - Stop postgres
[INFO|main_cleaner|L30] 2024-02-29T19:41:42 Success - Stop postgres
[INFO|main_cleaner|L30] 2024-02-29T20:04:11 Success - Stop postgres
[INFO|main_cleaner|L30] 2024-02-29T20:04:12 Success - Delete login database
[ERROR|main_cleaner|L33] 2024-02-29T20:04:12 Failed - make login migrations with status code 125
[INFO|main_cleaner|L30] 2024-02-29T20:04:31 Success - Stop postgres
[ERROR|main_cleaner|L33] 2024-02-29T20:04:31 Failed - Delete login database with status code 1
[INFO|main_cleaner|L30] 2024-02-29T20:05:29 Success - Stop postgres
[ERROR|main_cleaner|L33] 2024-02-29T20:05:29 Failed - Delete login database with status code 1
[WARNING|main_cleaner|L46] 2024-02-29T20:05:29 Volume for login already deleted
[INFO|main_cleaner|L30] 2024-02-29T20:05:30 Success - make login migrations
[INFO|main_cleaner|L30] 2024-02-29T20:05:31 Success - make login migrations
[INFO|main_cleaner|L30] 2024-02-29T20:05:32 Success - migrate login
[INFO|main_cleaner|L30] 2024-02-29T20:05:49 Success - Stop postgres
[INFO|main_cleaner|L30] 2024-02-29T20:05:49 Success - Delete login database
[INFO|main_cleaner|L30] 2024-02-29T20:05:50 Success - make login migrations
[INFO|main_cleaner|L30] 2024-02-29T20:05:51 Success - make login migrations
[INFO|main_cleaner|L30] 2024-02-29T20:05:52 Success - migrate login
[INFO|main_cleaner|L35] 2024-02-29T21:50:20 Success - Stop postgres
[INFO|main_cleaner|L35] 2024-02-29T21:50:20 Success - Delete login database
[INFO|main_cleaner|L35] 2024-02-29T21:50:21 Success - make login migrations
[INFO|main_cleaner|L35] 2024-02-29T21:50:22 Success - make login migrations
[INFO|main_cleaner|L35] 2024-02-29T21:50:23 Success - migrate login
[INFO|main_cleaner|L35] 2024-02-29T21:50:24 Success - create data
[INFO|main_cleaner|L35] 2024-02-29T21:54:10 Success - Stop postgres
[INFO|main_cleaner|L35] 2024-02-29T21:54:10 Success - Delete login database
[INFO|main_cleaner|L35] 2024-02-29T21:54:11 Success - make login migrations
[INFO|main_cleaner|L35] 2024-02-29T21:54:12 Success - make login migrations
[INFO|main_cleaner|L35] 2024-02-29T21:54:13 Success - migrate login
[INFO|main_cleaner|L35] 2024-02-29T21:54:13 Success - create data
[INFO|main_cleaner|L35] 2024-02-29T22:06:25 Success - Stop postgres
[INFO|main_cleaner|L35] 2024-02-29T22:06:25 Success - Delete login database
[INFO|main_cleaner|L35] 2024-02-29T22:06:26 Success - make login migrations
[INFO|main_cleaner|L35] 2024-02-29T22:06:27 Success - make login migrations
[INFO|main_cleaner|L35] 2024-02-29T22:06:28 Success - migrate login
[INFO|main_cleaner|L35] 2024-02-29T22:06:28 Success - create data
